<?xml version="1.0" encoding="UTF-8"?>
<testng-results skipped="0" failed="8" ignored="12" total="20" passed="0">
  <reporter-output>
  </reporter-output>
  <suite name="Suite" duration-ms="119681" started-at="2023-09-29T20:05:55 IST" finished-at="2023-09-29T20:07:55 IST">
    <groups>
    </groups>
    <test name="chrome" duration-ms="116240" started-at="2023-09-29T20:05:55 IST" finished-at="2023-09-29T20:07:51 IST">
      <class name="com.pos.testcases.CreateNewProduct">
        <test-method status="PASS" signature="setValues()[pri:0, instance:com.pos.testcases.CreateNewProduct@1068e947]" name="setValues" is-config="true" duration-ms="0" started-at="2023-09-29T20:05:55 IST" finished-at="2023-09-29T20:05:55 IST">
          <reporter-output>
          </reporter-output>
        </test-method> <!-- setValues -->
        <test-method status="PASS" signature="startTestCase()[pri:0, instance:com.pos.testcases.CreateNewProduct@1068e947]" name="startTestCase" is-config="true" duration-ms="0" started-at="2023-09-29T20:06:13 IST" finished-at="2023-09-29T20:06:13 IST">
          <reporter-output>
          </reporter-output>
        </test-method> <!-- startTestCase -->
        <test-method status="PASS" signature="preCondition(java.lang.String)[pri:0, instance:com.pos.testcases.CreateNewProduct@1068e947]" name="preCondition" is-config="true" duration-ms="87735" started-at="2023-09-29T20:06:13 IST" finished-at="2023-09-29T20:07:41 IST">
          <params>
            <param index="0">
              <value>
                <![CDATA[chrome]]>
              </value>
            </param>
          </params>
          <reporter-output>
          </reporter-output>
        </test-method> <!-- preCondition -->
        <test-method status="FAIL" signature="runLogin(java.lang.String,java.lang.String,java.lang.String,java.lang.String,java.lang.String)[pri:0, instance:com.pos.testcases.CreateNewProduct@1068e947]" name="runLogin" duration-ms="10390" started-at="2023-09-29T20:07:41 IST" data-provider="fetchData" finished-at="2023-09-29T20:07:51 IST">
          <params>
            <param index="0">
              <value>
                <![CDATA[8526544557]]>
              </value>
            </param>
            <param index="1">
              <value>
                <![CDATA[Playwright]]>
              </value>
            </param>
            <param index="2">
              <value>
                <![CDATA[Training]]>
              </value>
            </param>
            <param index="3">
              <value>
                <![CDATA[10000]]>
              </value>
            </param>
            <param index="4">
              <value>
                <![CDATA[5000]]>
              </value>
            </param>
          </params>
          <exception class="java.lang.RuntimeException">
            <message>
              <![CDATA[See the reporter for details.]]>
            </message>
            <full-stacktrace>
              <![CDATA[java.lang.RuntimeException: See the reporter for details.
at com.framework.utils.Reporter.reportStep(Reporter.java:101)
at com.framework.utils.Reporter.reportStep(Reporter.java:116)
at com.framework.selenium.api.base.SeleniumBase.locateElement(SeleniumBase.java:657)
at com.pos.pages.LoginPage.enterUserName(LoginPage.java:9)
at com.pos.pages.LoginPage.login(LoginPage.java:27)
at com.pos.testcases.CreateNewProduct.runLogin(CreateNewProduct.java:25)
at sun.reflect.NativeMethodAccessorImpl.invoke0(Native Method)
at sun.reflect.NativeMethodAccessorImpl.invoke(NativeMethodAccessorImpl.java:62)
at sun.reflect.DelegatingMethodAccessorImpl.invoke(DelegatingMethodAccessorImpl.java:43)
at java.lang.reflect.Method.invoke(Method.java:498)
at org.testng.internal.MethodInvocationHelper.invokeMethod(MethodInvocationHelper.java:133)
at org.testng.internal.TestInvoker.invokeMethod(TestInvoker.java:598)
at org.testng.internal.TestInvoker.invokeTestMethod(TestInvoker.java:173)
at org.testng.internal.MethodRunner.runInSequence(MethodRunner.java:46)
at org.testng.internal.TestInvoker$MethodInvocationAgent.invoke(TestInvoker.java:824)
at org.testng.internal.TestInvoker.invokeTestMethods(TestInvoker.java:146)
at org.testng.internal.TestMethodWorker.invokeTestMethods(TestMethodWorker.java:146)
at org.testng.internal.TestMethodWorker.run(TestMethodWorker.java:128)
at java.util.concurrent.ThreadPoolExecutor.runWorker(ThreadPoolExecutor.java:1149)
at java.util.concurrent.ThreadPoolExecutor$Worker.run(ThreadPoolExecutor.java:624)
at java.lang.Thread.run(Thread.java:748)
]]>
            </full-stacktrace>
          </exception> <!-- java.lang.RuntimeException -->
          <reporter-output>
          </reporter-output>
        </test-method> <!-- runLogin -->
        <test-method status="PASS" signature="postCondition()[pri:0, instance:com.pos.testcases.CreateNewProduct@1068e947]" name="postCondition" is-config="true" duration-ms="160" started-at="2023-09-29T20:07:51 IST" finished-at="2023-09-29T20:07:51 IST">
          <reporter-output>
          </reporter-output>
        </test-method> <!-- postCondition -->
      </class> <!-- com.pos.testcases.CreateNewProduct -->
      <class name="com.pos.testcases.EditVendor">
        <test-method status="PASS" signature="setValues()[pri:0, instance:com.pos.testcases.EditVendor@7ba18f1b]" name="setValues" is-config="true" duration-ms="0" started-at="2023-09-29T20:05:55 IST" finished-at="2023-09-29T20:05:55 IST">
          <reporter-output>
          </reporter-output>
        </test-method> <!-- setValues -->
        <test-method status="PASS" signature="startTestCase()[pri:0, instance:com.pos.testcases.EditVendor@7ba18f1b]" name="startTestCase" is-config="true" duration-ms="13" started-at="2023-09-29T20:05:55 IST" finished-at="2023-09-29T20:05:55 IST">
          <reporter-output>
          </reporter-output>
        </test-method> <!-- startTestCase -->
        <test-method status="PASS" signature="preCondition(java.lang.String)[pri:0, instance:com.pos.testcases.EditVendor@7ba18f1b]" name="preCondition" is-config="true" duration-ms="5330" started-at="2023-09-29T20:05:57 IST" finished-at="2023-09-29T20:06:02 IST">
          <params>
            <param index="0">
              <value>
                <![CDATA[chrome]]>
              </value>
            </param>
          </params>
          <reporter-output>
          </reporter-output>
        </test-method> <!-- preCondition -->
        <test-method status="FAIL" signature="runLogin(java.lang.String,java.lang.String,java.lang.String,java.lang.String)[pri:0, instance:com.pos.testcases.EditVendor@7ba18f1b]" name="runLogin" duration-ms="10505" started-at="2023-09-29T20:06:02 IST" data-provider="fetchData" finished-at="2023-09-29T20:06:13 IST">
          <params>
            <param index="0">
              <value>
                <![CDATA[8220316109]]>
              </value>
            </param>
            <param index="1">
              <value>
                <![CDATA[Kumar]]>
              </value>
            </param>
            <param index="2">
              <value>
                <![CDATA[The vendor you entered was saved successfully.]]>
              </value>
            </param>
            <param index="3">
              <value>
                <![CDATA[Kumar]]>
              </value>
            </param>
          </params>
          <exception class="java.lang.RuntimeException">
            <message>
              <![CDATA[See the reporter for details.]]>
            </message>
            <full-stacktrace>
              <![CDATA[java.lang.RuntimeException: See the reporter for details.
at com.framework.utils.Reporter.reportStep(Reporter.java:101)
at com.framework.utils.Reporter.reportStep(Reporter.java:116)
at com.framework.selenium.api.base.SeleniumBase.locateElement(SeleniumBase.java:657)
at com.pos.pages.LoginPage.enterUserName(LoginPage.java:9)
at com.pos.pages.LoginPage.login(LoginPage.java:27)
at com.pos.testcases.EditVendor.runLogin(EditVendor.java:24)
at sun.reflect.NativeMethodAccessorImpl.invoke0(Native Method)
at sun.reflect.NativeMethodAccessorImpl.invoke(NativeMethodAccessorImpl.java:62)
at sun.reflect.DelegatingMethodAccessorImpl.invoke(DelegatingMethodAccessorImpl.java:43)
at java.lang.reflect.Method.invoke(Method.java:498)
at org.testng.internal.MethodInvocationHelper.invokeMethod(MethodInvocationHelper.java:133)
at org.testng.internal.TestInvoker.invokeMethod(TestInvoker.java:598)
at org.testng.internal.TestInvoker.invokeTestMethod(TestInvoker.java:173)
at org.testng.internal.MethodRunner.runInSequence(MethodRunner.java:46)
at org.testng.internal.TestInvoker$MethodInvocationAgent.invoke(TestInvoker.java:824)
at org.testng.internal.TestInvoker.invokeTestMethods(TestInvoker.java:146)
at org.testng.internal.TestMethodWorker.invokeTestMethods(TestMethodWorker.java:146)
at org.testng.internal.TestMethodWorker.run(TestMethodWorker.java:128)
at java.util.concurrent.ThreadPoolExecutor.runWorker(ThreadPoolExecutor.java:1149)
at java.util.concurrent.ThreadPoolExecutor$Worker.run(ThreadPoolExecutor.java:624)
at java.lang.Thread.run(Thread.java:748)
]]>
            </full-stacktrace>
          </exception> <!-- java.lang.RuntimeException -->
          <reporter-output>
          </reporter-output>
        </test-method> <!-- runLogin -->
        <test-method status="PASS" signature="postCondition()[pri:0, instance:com.pos.testcases.EditVendor@7ba18f1b]" name="postCondition" is-config="true" duration-ms="149" started-at="2023-09-29T20:06:13 IST" finished-at="2023-09-29T20:06:13 IST">
          <reporter-output>
          </reporter-output>
        </test-method> <!-- postCondition -->
      </class> <!-- com.pos.testcases.EditVendor -->
      <class name="com.pos.testcases.DeleteVendor">
        <test-method status="PASS" signature="setValues()[pri:0, instance:com.pos.testcases.DeleteVendor@2f8f5f62]" name="setValues" is-config="true" duration-ms="1" started-at="2023-09-29T20:05:55 IST" finished-at="2023-09-29T20:05:55 IST">
          <reporter-output>
          </reporter-output>
        </test-method> <!-- setValues -->
        <test-method status="PASS" signature="startTestCase()[pri:0, instance:com.pos.testcases.DeleteVendor@2f8f5f62]" name="startTestCase" is-config="true" duration-ms="2" started-at="2023-09-29T20:06:13 IST" finished-at="2023-09-29T20:06:13 IST">
          <reporter-output>
          </reporter-output>
        </test-method> <!-- startTestCase -->
        <test-method status="PASS" signature="preCondition(java.lang.String)[pri:0, instance:com.pos.testcases.DeleteVendor@2f8f5f62]" name="preCondition" is-config="true" duration-ms="87650" started-at="2023-09-29T20:06:13 IST" finished-at="2023-09-29T20:07:41 IST">
          <params>
            <param index="0">
              <value>
                <![CDATA[chrome]]>
              </value>
            </param>
          </params>
          <reporter-output>
          </reporter-output>
        </test-method> <!-- preCondition -->
        <test-method status="FAIL" signature="runLogin(java.lang.String,java.lang.String,java.lang.String)[pri:0, instance:com.pos.testcases.DeleteVendor@2f8f5f62]" name="runLogin" duration-ms="10325" started-at="2023-09-29T20:07:41 IST" data-provider="fetchData" finished-at="2023-09-29T20:07:51 IST">
          <params>
            <param index="0">
              <value>
                <![CDATA[8220316109]]>
              </value>
            </param>
            <param index="1">
              <value>
                <![CDATA[Are you sure wan't to delete the selected item]]>
              </value>
            </param>
            <param index="2">
              <value>
                <![CDATA[Deleted successfully.]]>
              </value>
            </param>
          </params>
          <exception class="java.lang.RuntimeException">
            <message>
              <![CDATA[See the reporter for details.]]>
            </message>
            <full-stacktrace>
              <![CDATA[java.lang.RuntimeException: See the reporter for details.
at com.framework.utils.Reporter.reportStep(Reporter.java:101)
at com.framework.utils.Reporter.reportStep(Reporter.java:116)
at com.framework.selenium.api.base.SeleniumBase.locateElement(SeleniumBase.java:657)
at com.pos.pages.LoginPage.enterUserName(LoginPage.java:9)
at com.pos.pages.LoginPage.login(LoginPage.java:27)
at com.pos.testcases.DeleteVendor.runLogin(DeleteVendor.java:26)
at sun.reflect.NativeMethodAccessorImpl.invoke0(Native Method)
at sun.reflect.NativeMethodAccessorImpl.invoke(NativeMethodAccessorImpl.java:62)
at sun.reflect.DelegatingMethodAccessorImpl.invoke(DelegatingMethodAccessorImpl.java:43)
at java.lang.reflect.Method.invoke(Method.java:498)
at org.testng.internal.MethodInvocationHelper.invokeMethod(MethodInvocationHelper.java:133)
at org.testng.internal.TestInvoker.invokeMethod(TestInvoker.java:598)
at org.testng.internal.TestInvoker.invokeTestMethod(TestInvoker.java:173)
at org.testng.internal.MethodRunner.runInSequence(MethodRunner.java:46)
at org.testng.internal.TestInvoker$MethodInvocationAgent.invoke(TestInvoker.java:824)
at org.testng.internal.TestInvoker.invokeTestMethods(TestInvoker.java:146)
at org.testng.internal.TestMethodWorker.invokeTestMethods(TestMethodWorker.java:146)
at org.testng.internal.TestMethodWorker.run(TestMethodWorker.java:128)
at java.util.concurrent.ThreadPoolExecutor.runWorker(ThreadPoolExecutor.java:1149)
at java.util.concurrent.ThreadPoolExecutor$Worker.run(ThreadPoolExecutor.java:624)
at java.lang.Thread.run(Thread.java:748)
]]>
            </full-stacktrace>
          </exception> <!-- java.lang.RuntimeException -->
          <reporter-output>
          </reporter-output>
        </test-method> <!-- runLogin -->
        <test-method status="PASS" signature="postCondition()[pri:0, instance:com.pos.testcases.DeleteVendor@2f8f5f62]" name="postCondition" is-config="true" duration-ms="225" started-at="2023-09-29T20:07:51 IST" finished-at="2023-09-29T20:07:51 IST">
          <reporter-output>
          </reporter-output>
        </test-method> <!-- postCondition -->
      </class> <!-- com.pos.testcases.DeleteVendor -->
      <class name="com.pos.testcases.CreateNewVendor">
        <test-method status="PASS" signature="setValues()[pri:0, instance:com.pos.testcases.CreateNewVendor@768b970c]" name="setValues" is-config="true" duration-ms="0" started-at="2023-09-29T20:05:55 IST" finished-at="2023-09-29T20:05:55 IST">
          <reporter-output>
          </reporter-output>
        </test-method> <!-- setValues -->
        <test-method status="PASS" signature="startTestCase()[pri:0, instance:com.pos.testcases.CreateNewVendor@768b970c]" name="startTestCase" is-config="true" duration-ms="15" started-at="2023-09-29T20:05:55 IST" finished-at="2023-09-29T20:05:55 IST">
          <reporter-output>
          </reporter-output>
        </test-method> <!-- startTestCase -->
        <test-method status="PASS" signature="preCondition(java.lang.String)[pri:0, instance:com.pos.testcases.CreateNewVendor@768b970c]" name="preCondition" is-config="true" duration-ms="5295" started-at="2023-09-29T20:05:57 IST" finished-at="2023-09-29T20:06:02 IST">
          <params>
            <param index="0">
              <value>
                <![CDATA[chrome]]>
              </value>
            </param>
          </params>
          <reporter-output>
          </reporter-output>
        </test-method> <!-- preCondition -->
        <test-method status="FAIL" signature="runLogin(java.lang.String,java.lang.String,java.lang.String,java.lang.String,java.lang.String,java.lang.String)[pri:0, instance:com.pos.testcases.CreateNewVendor@768b970c]" name="runLogin" duration-ms="10337" started-at="2023-09-29T20:06:02 IST" data-provider="fetchData" finished-at="2023-09-29T20:06:13 IST">
          <params>
            <param index="0">
              <value>
                <![CDATA[8220316109]]>
              </value>
            </param>
            <param index="1">
              <value>
                <![CDATA[Vinoth]]>
              </value>
            </param>
            <param index="2">
              <value>
                <![CDATA[Selenium]]>
              </value>
            </param>
            <param index="3">
              <value>
                <![CDATA[Chennai]]>
              </value>
            </param>
            <param index="4">
              <value>
                <![CDATA[8220316109]]>
              </value>
            </param>
            <param index="5">
              <value>
                <![CDATA[vinod@gmail.com]]>
              </value>
            </param>
          </params>
          <exception class="java.lang.RuntimeException">
            <message>
              <![CDATA[See the reporter for details.]]>
            </message>
            <full-stacktrace>
              <![CDATA[java.lang.RuntimeException: See the reporter for details.
at com.framework.utils.Reporter.reportStep(Reporter.java:101)
at com.framework.utils.Reporter.reportStep(Reporter.java:116)
at com.framework.selenium.api.base.SeleniumBase.locateElement(SeleniumBase.java:657)
at com.pos.pages.LoginPage.enterUserName(LoginPage.java:9)
at com.pos.pages.LoginPage.login(LoginPage.java:27)
at com.pos.testcases.CreateNewVendor.runLogin(CreateNewVendor.java:25)
at sun.reflect.NativeMethodAccessorImpl.invoke0(Native Method)
at sun.reflect.NativeMethodAccessorImpl.invoke(NativeMethodAccessorImpl.java:62)
at sun.reflect.DelegatingMethodAccessorImpl.invoke(DelegatingMethodAccessorImpl.java:43)
at java.lang.reflect.Method.invoke(Method.java:498)
at org.testng.internal.MethodInvocationHelper.invokeMethod(MethodInvocationHelper.java:133)
at org.testng.internal.TestInvoker.invokeMethod(TestInvoker.java:598)
at org.testng.internal.TestInvoker.invokeTestMethod(TestInvoker.java:173)
at org.testng.internal.MethodRunner.runInSequence(MethodRunner.java:46)
at org.testng.internal.TestInvoker$MethodInvocationAgent.invoke(TestInvoker.java:824)
at org.testng.internal.TestInvoker.invokeTestMethods(TestInvoker.java:146)
at org.testng.internal.TestMethodWorker.invokeTestMethods(TestMethodWorker.java:146)
at org.testng.internal.TestMethodWorker.run(TestMethodWorker.java:128)
at java.util.concurrent.ThreadPoolExecutor.runWorker(ThreadPoolExecutor.java:1149)
at java.util.concurrent.ThreadPoolExecutor$Worker.run(ThreadPoolExecutor.java:624)
at java.lang.Thread.run(Thread.java:748)
]]>
            </full-stacktrace>
          </exception> <!-- java.lang.RuntimeException -->
          <reporter-output>
          </reporter-output>
        </test-method> <!-- runLogin -->
        <test-method status="PASS" signature="postCondition()[pri:0, instance:com.pos.testcases.CreateNewVendor@768b970c]" name="postCondition" is-config="true" duration-ms="204" started-at="2023-09-29T20:06:13 IST" finished-at="2023-09-29T20:06:13 IST">
          <reporter-output>
          </reporter-output>
        </test-method> <!-- postCondition -->
      </class> <!-- com.pos.testcases.CreateNewVendor -->
    </test> <!-- chrome -->
    <test name="firefox" duration-ms="119681" started-at="2023-09-29T20:05:55 IST" finished-at="2023-09-29T20:07:55 IST">
      <class name="com.pos.testcases.DeleteCustomer">
        <test-method status="PASS" signature="setValues()[pri:0, instance:com.pos.testcases.DeleteCustomer@f4168b8]" name="setValues" is-config="true" duration-ms="1" started-at="2023-09-29T20:05:55 IST" finished-at="2023-09-29T20:05:55 IST">
          <reporter-output>
          </reporter-output>
        </test-method> <!-- setValues -->
        <test-method status="PASS" signature="startTestCase()[pri:0, instance:com.pos.testcases.DeleteCustomer@f4168b8]" name="startTestCase" is-config="true" duration-ms="13" started-at="2023-09-29T20:05:55 IST" finished-at="2023-09-29T20:05:55 IST">
          <reporter-output>
          </reporter-output>
        </test-method> <!-- startTestCase -->
        <test-method status="PASS" signature="preCondition(java.lang.String)[pri:0, instance:com.pos.testcases.DeleteCustomer@f4168b8]" name="preCondition" is-config="true" duration-ms="8128" started-at="2023-09-29T20:05:57 IST" finished-at="2023-09-29T20:06:05 IST">
          <params>
            <param index="0">
              <value>
                <![CDATA[firefox]]>
              </value>
            </param>
          </params>
          <reporter-output>
          </reporter-output>
        </test-method> <!-- preCondition -->
        <test-method status="FAIL" signature="runLogin(java.lang.String,java.lang.String,java.lang.String)[pri:0, instance:com.pos.testcases.DeleteCustomer@f4168b8]" name="runLogin" duration-ms="10222" started-at="2023-09-29T20:06:05 IST" data-provider="fetchData" finished-at="2023-09-29T20:06:15 IST">
          <params>
            <param index="0">
              <value>
                <![CDATA[9976749433]]>
              </value>
            </param>
            <param index="1">
              <value>
                <![CDATA[Are you sure wan't to delete the selected item]]>
              </value>
            </param>
            <param index="2">
              <value>
                <![CDATA[Deleted successfully.]]>
              </value>
            </param>
          </params>
          <exception class="java.lang.RuntimeException">
            <message>
              <![CDATA[See the reporter for details.]]>
            </message>
            <full-stacktrace>
              <![CDATA[java.lang.RuntimeException: See the reporter for details.
at com.framework.utils.Reporter.reportStep(Reporter.java:101)
at com.framework.utils.Reporter.reportStep(Reporter.java:116)
at com.framework.selenium.api.base.SeleniumBase.locateElement(SeleniumBase.java:657)
at com.pos.pages.LoginPage.enterUserName(LoginPage.java:9)
at com.pos.pages.LoginPage.login(LoginPage.java:27)
at com.pos.testcases.DeleteCustomer.runLogin(DeleteCustomer.java:24)
at sun.reflect.NativeMethodAccessorImpl.invoke0(Native Method)
at sun.reflect.NativeMethodAccessorImpl.invoke(NativeMethodAccessorImpl.java:62)
at sun.reflect.DelegatingMethodAccessorImpl.invoke(DelegatingMethodAccessorImpl.java:43)
at java.lang.reflect.Method.invoke(Method.java:498)
at org.testng.internal.MethodInvocationHelper.invokeMethod(MethodInvocationHelper.java:133)
at org.testng.internal.TestInvoker.invokeMethod(TestInvoker.java:598)
at org.testng.internal.TestInvoker.invokeTestMethod(TestInvoker.java:173)
at org.testng.internal.MethodRunner.runInSequence(MethodRunner.java:46)
at org.testng.internal.TestInvoker$MethodInvocationAgent.invoke(TestInvoker.java:824)
at org.testng.internal.TestInvoker.invokeTestMethods(TestInvoker.java:146)
at org.testng.internal.TestMethodWorker.invokeTestMethods(TestMethodWorker.java:146)
at org.testng.internal.TestMethodWorker.run(TestMethodWorker.java:128)
at java.util.concurrent.ThreadPoolExecutor.runWorker(ThreadPoolExecutor.java:1149)
at java.util.concurrent.ThreadPoolExecutor$Worker.run(ThreadPoolExecutor.java:624)
at java.lang.Thread.run(Thread.java:748)
]]>
            </full-stacktrace>
          </exception> <!-- java.lang.RuntimeException -->
          <reporter-output>
          </reporter-output>
        </test-method> <!-- runLogin -->
        <test-method status="PASS" signature="postCondition()[pri:0, instance:com.pos.testcases.DeleteCustomer@f4168b8]" name="postCondition" is-config="true" duration-ms="801" started-at="2023-09-29T20:06:15 IST" finished-at="2023-09-29T20:06:16 IST">
          <reporter-output>
          </reporter-output>
        </test-method> <!-- postCondition -->
      </class> <!-- com.pos.testcases.DeleteCustomer -->
      <class name="com.pos.testcases.EditCustomer">
        <test-method status="PASS" signature="startReport()[pri:0, instance:com.pos.testcases.EditCustomer@2a40cd94]" name="startReport" is-config="true" duration-ms="390" started-at="2023-09-29T20:05:55 IST" finished-at="2023-09-29T20:05:55 IST">
          <reporter-output>
          </reporter-output>
        </test-method> <!-- startReport -->
        <test-method status="PASS" signature="setValues()[pri:0, instance:com.pos.testcases.EditCustomer@2a40cd94]" name="setValues" is-config="true" duration-ms="1" started-at="2023-09-29T20:05:55 IST" finished-at="2023-09-29T20:05:55 IST">
          <reporter-output>
          </reporter-output>
        </test-method> <!-- setValues -->
        <test-method status="PASS" signature="startTestCase()[pri:0, instance:com.pos.testcases.EditCustomer@2a40cd94]" name="startTestCase" is-config="true" duration-ms="17" started-at="2023-09-29T20:05:55 IST" finished-at="2023-09-29T20:05:55 IST">
          <reporter-output>
          </reporter-output>
        </test-method> <!-- startTestCase -->
        <test-method status="PASS" signature="preCondition(java.lang.String)[pri:0, instance:com.pos.testcases.EditCustomer@2a40cd94]" name="preCondition" is-config="true" duration-ms="8293" started-at="2023-09-29T20:05:57 IST" finished-at="2023-09-29T20:06:05 IST">
          <params>
            <param index="0">
              <value>
                <![CDATA[firefox]]>
              </value>
            </param>
          </params>
          <reporter-output>
          </reporter-output>
        </test-method> <!-- preCondition -->
        <test-method status="FAIL" signature="runLogin(java.lang.String,java.lang.String,java.lang.String,java.lang.String)[pri:0, instance:com.pos.testcases.EditCustomer@2a40cd94]" name="runLogin" duration-ms="10249" started-at="2023-09-29T20:06:05 IST" data-provider="fetchData" finished-at="2023-09-29T20:06:16 IST">
          <params>
            <param index="0">
              <value>
                <![CDATA[9976749433]]>
              </value>
            </param>
            <param index="1">
              <value>
                <![CDATA[Raman]]>
              </value>
            </param>
            <param index="2">
              <value>
                <![CDATA[The customer you entered was saved successfully.]]>
              </value>
            </param>
            <param index="3">
              <value>
                <![CDATA[Raman]]>
              </value>
            </param>
          </params>
          <exception class="java.lang.RuntimeException">
            <message>
              <![CDATA[See the reporter for details.]]>
            </message>
            <full-stacktrace>
              <![CDATA[java.lang.RuntimeException: See the reporter for details.
at com.framework.utils.Reporter.reportStep(Reporter.java:101)
at com.framework.utils.Reporter.reportStep(Reporter.java:116)
at com.framework.selenium.api.base.SeleniumBase.locateElement(SeleniumBase.java:657)
at com.pos.pages.LoginPage.enterUserName(LoginPage.java:9)
at com.pos.pages.LoginPage.login(LoginPage.java:27)
at com.pos.testcases.EditCustomer.runLogin(EditCustomer.java:24)
at sun.reflect.NativeMethodAccessorImpl.invoke0(Native Method)
at sun.reflect.NativeMethodAccessorImpl.invoke(NativeMethodAccessorImpl.java:62)
at sun.reflect.DelegatingMethodAccessorImpl.invoke(DelegatingMethodAccessorImpl.java:43)
at java.lang.reflect.Method.invoke(Method.java:498)
at org.testng.internal.MethodInvocationHelper.invokeMethod(MethodInvocationHelper.java:133)
at org.testng.internal.TestInvoker.invokeMethod(TestInvoker.java:598)
at org.testng.internal.TestInvoker.invokeTestMethod(TestInvoker.java:173)
at org.testng.internal.MethodRunner.runInSequence(MethodRunner.java:46)
at org.testng.internal.TestInvoker$MethodInvocationAgent.invoke(TestInvoker.java:824)
at org.testng.internal.TestInvoker.invokeTestMethods(TestInvoker.java:146)
at org.testng.internal.TestMethodWorker.invokeTestMethods(TestMethodWorker.java:146)
at org.testng.internal.TestMethodWorker.run(TestMethodWorker.java:128)
at java.util.concurrent.ThreadPoolExecutor.runWorker(ThreadPoolExecutor.java:1149)
at java.util.concurrent.ThreadPoolExecutor$Worker.run(ThreadPoolExecutor.java:624)
at java.lang.Thread.run(Thread.java:748)
]]>
            </full-stacktrace>
          </exception> <!-- java.lang.RuntimeException -->
          <reporter-output>
          </reporter-output>
        </test-method> <!-- runLogin -->
        <test-method status="PASS" signature="postCondition()[pri:0, instance:com.pos.testcases.EditCustomer@2a40cd94]" name="postCondition" is-config="true" duration-ms="798" started-at="2023-09-29T20:06:16 IST" finished-at="2023-09-29T20:06:16 IST">
          <reporter-output>
          </reporter-output>
        </test-method> <!-- postCondition -->
        <test-method status="PASS" signature="endResult()[pri:0, instance:com.pos.testcases.EditCustomer@2a40cd94]" name="endResult" is-config="true" duration-ms="688" started-at="2023-09-29T20:07:55 IST" finished-at="2023-09-29T20:07:56 IST">
          <reporter-output>
          </reporter-output>
        </test-method> <!-- endResult -->
      </class> <!-- com.pos.testcases.EditCustomer -->
      <class name="com.pos.testcases.EditVendor">
        <test-method status="PASS" signature="setValues()[pri:0, instance:com.pos.testcases.EditVendor@74294adb]" name="setValues" is-config="true" duration-ms="0" started-at="2023-09-29T20:05:55 IST" finished-at="2023-09-29T20:05:55 IST">
          <reporter-output>
          </reporter-output>
        </test-method> <!-- setValues -->
        <test-method status="PASS" signature="startTestCase()[pri:0, instance:com.pos.testcases.EditVendor@74294adb]" name="startTestCase" is-config="true" duration-ms="0" started-at="2023-09-29T20:06:16 IST" finished-at="2023-09-29T20:06:16 IST">
          <reporter-output>
          </reporter-output>
        </test-method> <!-- startTestCase -->
        <test-method status="PASS" signature="preCondition(java.lang.String)[pri:0, instance:com.pos.testcases.EditVendor@74294adb]" name="preCondition" is-config="true" duration-ms="87300" started-at="2023-09-29T20:06:16 IST" finished-at="2023-09-29T20:07:44 IST">
          <params>
            <param index="0">
              <value>
                <![CDATA[firefox]]>
              </value>
            </param>
          </params>
          <reporter-output>
          </reporter-output>
        </test-method> <!-- preCondition -->
        <test-method status="FAIL" signature="runLogin(java.lang.String,java.lang.String,java.lang.String,java.lang.String)[pri:0, instance:com.pos.testcases.EditVendor@74294adb]" name="runLogin" duration-ms="10245" started-at="2023-09-29T20:07:44 IST" data-provider="fetchData" finished-at="2023-09-29T20:07:54 IST">
          <params>
            <param index="0">
              <value>
                <![CDATA[8220316109]]>
              </value>
            </param>
            <param index="1">
              <value>
                <![CDATA[Kumar]]>
              </value>
            </param>
            <param index="2">
              <value>
                <![CDATA[The vendor you entered was saved successfully.]]>
              </value>
            </param>
            <param index="3">
              <value>
                <![CDATA[Kumar]]>
              </value>
            </param>
          </params>
          <exception class="java.lang.RuntimeException">
            <message>
              <![CDATA[See the reporter for details.]]>
            </message>
            <full-stacktrace>
              <![CDATA[java.lang.RuntimeException: See the reporter for details.
at com.framework.utils.Reporter.reportStep(Reporter.java:101)
at com.framework.utils.Reporter.reportStep(Reporter.java:116)
at com.framework.selenium.api.base.SeleniumBase.locateElement(SeleniumBase.java:657)
at com.pos.pages.LoginPage.enterUserName(LoginPage.java:9)
at com.pos.pages.LoginPage.login(LoginPage.java:27)
at com.pos.testcases.EditVendor.runLogin(EditVendor.java:24)
at sun.reflect.NativeMethodAccessorImpl.invoke0(Native Method)
at sun.reflect.NativeMethodAccessorImpl.invoke(NativeMethodAccessorImpl.java:62)
at sun.reflect.DelegatingMethodAccessorImpl.invoke(DelegatingMethodAccessorImpl.java:43)
at java.lang.reflect.Method.invoke(Method.java:498)
at org.testng.internal.MethodInvocationHelper.invokeMethod(MethodInvocationHelper.java:133)
at org.testng.internal.TestInvoker.invokeMethod(TestInvoker.java:598)
at org.testng.internal.TestInvoker.invokeTestMethod(TestInvoker.java:173)
at org.testng.internal.MethodRunner.runInSequence(MethodRunner.java:46)
at org.testng.internal.TestInvoker$MethodInvocationAgent.invoke(TestInvoker.java:824)
at org.testng.internal.TestInvoker.invokeTestMethods(TestInvoker.java:146)
at org.testng.internal.TestMethodWorker.invokeTestMethods(TestMethodWorker.java:146)
at org.testng.internal.TestMethodWorker.run(TestMethodWorker.java:128)
at java.util.concurrent.ThreadPoolExecutor.runWorker(ThreadPoolExecutor.java:1149)
at java.util.concurrent.ThreadPoolExecutor$Worker.run(ThreadPoolExecutor.java:624)
at java.lang.Thread.run(Thread.java:748)
]]>
            </full-stacktrace>
          </exception> <!-- java.lang.RuntimeException -->
          <reporter-output>
          </reporter-output>
        </test-method> <!-- runLogin -->
        <test-method status="PASS" signature="postCondition()[pri:0, instance:com.pos.testcases.EditVendor@74294adb]" name="postCondition" is-config="true" duration-ms="843" started-at="2023-09-29T20:07:54 IST" finished-at="2023-09-29T20:07:55 IST">
          <reporter-output>
          </reporter-output>
        </test-method> <!-- postCondition -->
      </class> <!-- com.pos.testcases.EditVendor -->
      <class name="com.pos.testcases.CreateNewVendor">
        <test-method status="PASS" signature="setValues()[pri:0, instance:com.pos.testcases.CreateNewVendor@3bd94634]" name="setValues" is-config="true" duration-ms="2" started-at="2023-09-29T20:05:55 IST" finished-at="2023-09-29T20:05:55 IST">
          <reporter-output>
          </reporter-output>
        </test-method> <!-- setValues -->
        <test-method status="PASS" signature="startTestCase()[pri:0, instance:com.pos.testcases.CreateNewVendor@3bd94634]" name="startTestCase" is-config="true" duration-ms="1" started-at="2023-09-29T20:06:16 IST" finished-at="2023-09-29T20:06:16 IST">
          <reporter-output>
          </reporter-output>
        </test-method> <!-- startTestCase -->
        <test-method status="PASS" signature="preCondition(java.lang.String)[pri:0, instance:com.pos.testcases.CreateNewVendor@3bd94634]" name="preCondition" is-config="true" duration-ms="87163" started-at="2023-09-29T20:06:16 IST" finished-at="2023-09-29T20:07:43 IST">
          <params>
            <param index="0">
              <value>
                <![CDATA[firefox]]>
              </value>
            </param>
          </params>
          <reporter-output>
          </reporter-output>
        </test-method> <!-- preCondition -->
        <test-method status="FAIL" signature="runLogin(java.lang.String,java.lang.String,java.lang.String,java.lang.String,java.lang.String,java.lang.String)[pri:0, instance:com.pos.testcases.CreateNewVendor@3bd94634]" name="runLogin" duration-ms="10236" started-at="2023-09-29T20:07:43 IST" data-provider="fetchData" finished-at="2023-09-29T20:07:54 IST">
          <params>
            <param index="0">
              <value>
                <![CDATA[8220316109]]>
              </value>
            </param>
            <param index="1">
              <value>
                <![CDATA[Vinoth]]>
              </value>
            </param>
            <param index="2">
              <value>
                <![CDATA[Selenium]]>
              </value>
            </param>
            <param index="3">
              <value>
                <![CDATA[Chennai]]>
              </value>
            </param>
            <param index="4">
              <value>
                <![CDATA[8220316109]]>
              </value>
            </param>
            <param index="5">
              <value>
                <![CDATA[vinod@gmail.com]]>
              </value>
            </param>
          </params>
          <exception class="java.lang.RuntimeException">
            <message>
              <![CDATA[See the reporter for details.]]>
            </message>
            <full-stacktrace>
              <![CDATA[java.lang.RuntimeException: See the reporter for details.
at com.framework.utils.Reporter.reportStep(Reporter.java:101)
at com.framework.utils.Reporter.reportStep(Reporter.java:116)
at com.framework.selenium.api.base.SeleniumBase.locateElement(SeleniumBase.java:657)
at com.pos.pages.LoginPage.enterUserName(LoginPage.java:9)
at com.pos.pages.LoginPage.login(LoginPage.java:27)
at com.pos.testcases.CreateNewVendor.runLogin(CreateNewVendor.java:25)
at sun.reflect.NativeMethodAccessorImpl.invoke0(Native Method)
at sun.reflect.NativeMethodAccessorImpl.invoke(NativeMethodAccessorImpl.java:62)
at sun.reflect.DelegatingMethodAccessorImpl.invoke(DelegatingMethodAccessorImpl.java:43)
at java.lang.reflect.Method.invoke(Method.java:498)
at org.testng.internal.MethodInvocationHelper.invokeMethod(MethodInvocationHelper.java:133)
at org.testng.internal.TestInvoker.invokeMethod(TestInvoker.java:598)
at org.testng.internal.TestInvoker.invokeTestMethod(TestInvoker.java:173)
at org.testng.internal.MethodRunner.runInSequence(MethodRunner.java:46)
at org.testng.internal.TestInvoker$MethodInvocationAgent.invoke(TestInvoker.java:824)
at org.testng.internal.TestInvoker.invokeTestMethods(TestInvoker.java:146)
at org.testng.internal.TestMethodWorker.invokeTestMethods(TestMethodWorker.java:146)
at org.testng.internal.TestMethodWorker.run(TestMethodWorker.java:128)
at java.util.concurrent.ThreadPoolExecutor.runWorker(ThreadPoolExecutor.java:1149)
at java.util.concurrent.ThreadPoolExecutor$Worker.run(ThreadPoolExecutor.java:624)
at java.lang.Thread.run(Thread.java:748)
]]>
            </full-stacktrace>
          </exception> <!-- java.lang.RuntimeException -->
          <reporter-output>
          </reporter-output>
        </test-method> <!-- runLogin -->
        <test-method status="PASS" signature="postCondition()[pri:0, instance:com.pos.testcases.CreateNewVendor@3bd94634]" name="postCondition" is-config="true" duration-ms="767" started-at="2023-09-29T20:07:54 IST" finished-at="2023-09-29T20:07:54 IST">
          <reporter-output>
          </reporter-output>
        </test-method> <!-- postCondition -->
      </class> <!-- com.pos.testcases.CreateNewVendor -->
    </test> <!-- firefox -->
  </suite> <!-- Suite -->
</testng-results>
